   1:     -	7000          		org 	7000H
   2:    0+17	7000  CDC901  	START	call 	01c9H
   3:   17+4	7003  AF      		xor	a
   4:   21+13	7004  329C40  		ld	(409cH),a
   5:   34+10	7007  21D172  		ld	hl, MSG
   6:   44+17	700A  CD0A2F  		call	2f0aH
   7:					;; 
   8:   61+17	700D  CDA570  		call	INITV		; Set up init value
   9:   78+17	7010  CD5570  		call	OUTSTA
  10:   95+7	7013  3E0C    		ld	a,12
  11:  102+7	7015  0EF0    		ld	c,0xF0		; Round constant init for 12
  12:  109+17	7017  CDF870  		call	PERMUT		; Perform A rounds
  13:  126+17	701A  CDE870  		call	POSTINI		; Terminate initialization
  14:					;;
  15:  143+17	701D  CD3272  		call	ADATA		; Process associated data
  16:					;;
  17:  160+17	7020  CD5E72  		call	PLTEXT		; Process plain text
  18:					;; 
  19:  177+17	7023  CD8272  		call	FINALZ		; Finalization
  20:					;; 
  21:  194+7	7026  3E0D    		ld	a,0x0D
  22:  201+17	7028  CD3300  		call	0033H
  23:  218+7	702B  3E0D    		ld	a,0x0D
  24:  225+17	702D  CD3300  		call	0033H
  25:  242+17	7030  CD5070  		call	OUTCIT		; Print ciphertext
  26:  259+7	7033  3E0D    		ld	a,0x0D
  27:  266+17	7035  CD3300  		call	0033H
  28:  283+17	7038  CD5570  		call	OUTSTA		; Print state
  29:  300+7	703B  3E0D    		ld	a,0x0D
  30:  307+17	703D  CD3300  		call	0033H
  31:  324+17	7040  CD4B70  		call	OUTTAG		; Print tag
  32:  341+7	7043  3E0D    		ld	a,0x0D
  33:  348+17	7045  CD3300  		call	0033H
  34:					;;
  35:					;; 
  36:  365+10	7048  C3CC06  		jp	06ccH		; Jump to BASIC
  37:					;;
  38:				include ascon_out.asm
**** ascon_out.asm ****
   1:  375+10	704B  118373  	OUTTAG	ld	de,TAG
   2:  385+12	704E  1811    		jr	SHCUT
   3:					;; 
   4:  397+10	7050  117373  	OUTCIT	ld	de,CIPHER
   5:  407+12	7053  180C    		jr	SHCUT
   6:					;; 
   7:  419+10	7055  11DC72  	OUTSTA	ld	de,S		; Print 5x64 bits state
   8:  429+17	7058  CD6870  		call	OUTLN
   9:  446+17	705B  CD6870  		call	OUTLN
  10:  463+17	705E  CD6870  		call	OUTLN
  11:  480+17	7061  CD6870  	SHCUT	call	OUTLN
  12:  497+17	7064  CD6870  		call	OUTLN
  13:  514+10	7067  C9      		ret
  14:  524+7	7068  0604    	OUTLN	ld	b,4		; Print 1x64 bits line
  15:  531+7	706A  1A      	OUTW	ld	a,(de)		; Print 2 bytes
  16:  538+4	706B  67      		ld	h,a
  17:  542+6	706C  13      		inc	de
  18:  548+7	706D  1A      		ld	a,(de)
  19:  555+4	706E  6F      		ld	l,a
  20:  559+6	706F  13      		inc 	de
  21:  565+17	7070  CD8070  		call	OUTHEX
  22:  582+7	7073  3E20    		ld	a,0x20
  23:  589+17	7075  CD3A03  		call	033AH
  24:  606+8+5	7078  10F0    		djnz	OUTW
  25:  614+7	707A  3E0D    		ld	a,0x0D
  26:  621+17	707C  CD3A03  		call	033AH
  27:  638+10	707F  C9      		ret
  28:					;; 
  29:  648+4	7080  4C      	OUTHEX	ld	c,h		; Print HL in hex
  30:  652+17	7081  CD8E70  		call	OUTH8
  31:  669+7	7084  3E20    		ld	a,0x20
  32:  676+17	7086  CD3A03  		call	033AH
  33:  693+4	7089  4D      		ld 	c,l
  34:  697+17	708A  CD8E70  		call	OUTH8
  35:  714+10	708D  C9      		ret
  36:  724+4	708E  79      	OUTH8	ld	a,c		; Print C in hex
  37:  728+7	708F  E6F0    		and	a,0xF0
  38:  735+4	7091  0F      		rrca
  39:  739+4	7092  0F      		rrca
  40:  743+4	7093  0F      		rrca
  41:  747+4	7094  0F      		rrca
  42:  751+17	7095  CD9B70  		call	CONV8
  43:  768+4	7098  79      		ld	a,c
  44:  772+7	7099  E60F    		and	0x0F
  45:  779+4	709B  B7      	CONV8	or	a
  46:  783+4	709C  27      		daa
  47:  787+7	709D  C6F0    		add	a,0xF0
  48:  794+7	709F  CE40    		adc	a,0x40
  49:  801+17	70A1  CD3A03  		call	033AH
  50:  818+10	70A4  C9      		ret
  51:					
**** ascon8.asm ****
  39:				include ascon_init.asm	
**** ascon_init.asm ****
   1:  828+10	70A5  21DC72  	INITV	ld	hl,S		; Init vector
   2:  838+4	70A8  AF      		xor	a
   3:  842+7	70A9  77      		ld	(hl),a		; 0x00
   4:  849+6	70AA  23      		inc	hl
   5:  855+7	70AB  77      		ld	(hl),a		; 0x00
   6:  862+6	70AC  23      		inc	hl
   7:  868+13	70AD  3A2D73  		ld	a,(RATE)	; Rate
   8:  881+7	70B0  77      		ld	(hl),a
   9:  888+6	70B1  23      		inc	hl
  10:  894+4	70B2  AF      		xor	a
  11:  898+7	70B3  77      		ld	(hl),a		; Taglen (128 bits) on 2B
  12:  905+6	70B4  23      		inc	hl
  13:  911+7	70B5  3E80    		ld	a,128
  14:  918+7	70B7  77      		ld	(hl),a
  15:  925+6	70B8  23      		inc	hl
  16:  931+13	70B9  3A2F73  		ld	a,(BROUND)
  17:  944+8	70BC  CB27    		sla	a
  18:  952+8	70BE  CB27    		sla	a
  19:  960+8	70C0  CB27    		sla	a
  20:  968+8	70C2  CB27    		sla	a
  21:  976+4	70C4  4F      		ld	c,a
  22:  980+13	70C5  3A2E73  		ld	a,(AROUND)
  23:  993+4	70C8  81      		add	a,c
  24:  997+7	70C9  77      		ld	(hl),a
  25: 1004+6	70CA  23      		inc	hl
  26: 1010+4	70CB  AF      		xor	a
  27: 1014+7	70CC  77      		ld	(hl),a
  28: 1021+6	70CD  23      		inc	hl
  29: 1027+13	70CE  3A5073  		ld	a,(VERS)
  30: 1040+7	70D1  77      		ld	(hl),a
  31: 1047+6	70D2  23      		inc	hl
  32:					;; 
  33: 1053+7	70D3  0E10    	PADKN	ld	c,16		; Concatenate key to current (HL)
  34: 1060+7	70D5  0600    		ld	b,0
  35: 1067+4	70D7  EB      		ex	de,hl
  36: 1071+10	70D8  213073  		ld	hl,KEY
  37: 1081+16+5	70DB  EDB0    		ldir
  38: 1097+7	70DD  0E10    		ld	c,16
  39: 1104+7	70DF  0600    		ld	b,0
  40: 1111+10	70E1  214073  		ld	hl,NONCE
  41: 1121+16+5	70E4  EDB0    		ldir
  42: 1137+4	70E6  EB      		ex	de,hl
  43: 1141+10	70E7  C9      		ret
  44:					;;
  45: 1151+10	70E8  21F472  	POSTINI	ld	hl,S+24		; Post permutation XOR key in state
  46: 1161+10	70EB  113073  		ld	de,KEY
  47: 1171+7	70EE  0610    		ld	b,16		; Only change last 2 64b of state
  48: 1178+7	70F0  1A      	POSTL	ld	a,(de)
  49: 1185+7	70F1  AE      		xor	a,(hl)
  50: 1192+7	70F2  77      		ld	(hl),a
  51: 1199+6	70F3  13      		inc	de
  52: 1205+6	70F4  23      		inc	hl
  53: 1211+8+5	70F5  10F9    		djnz	POSTL
  54: 1219+10	70F7  C9      		ret
**** ascon8.asm ****
  40:				include ascon_perm.asm
**** ascon_perm.asm ****
   1: 1229+4	70F8  47      	PERMUT	ld	b,a		; Core permutation. Rounds in A
   2: 1233+10	70F9  21F372  	ROUND	ld	hl,S+23		; Constant in C 0xF0 or 0xB4
   3: 1243+4	70FC  79      		ld	a,c		; Add round constant to S[2]
   4: 1247+7	70FD  AE      		xor	a,(hl)
   5: 1254+7	70FE  77      		ld	(hl),a
   6: 1261+4	70FF  79      		ld	a,c
   7: 1265+7	7100  D60F    		sub	15
   8: 1272+4	7102  4F      		ld	c,a
   9:					;;
  10: 1276+11	7103  C5      		push	bc
  11: 1287+17	7104  CDA171  		call	SUBSTIT		; Substitution layer
  12: 1304+17	7107  CD0E71  		call	LINEAR		; Linear diffusion layer
  13:					;; 
  14: 1321+10	710A  C1      		pop	bc
  15: 1331+8+5	710B  10EC    		djnz	ROUND
  16: 1339+10	710D  C9      		ret
  17:					;;
  18: 1349+10	710E  21DC72  	LINEAR	ld	hl,S		; Linear diffusion layer
  19: 1359+11	7111  E5      		push	hl
  20: 1370+7	7112  0613    		ld	b,19
  21: 1377+7	7114  0E1C    		ld	c,28
  22: 1384+11	7116  C5      		push	bc
  23: 1395+17	7117  CD4B71  		call	LDL
  24: 1412+10	711A  21E472  		ld	hl,S+8
  25: 1422+11	711D  E5      		push	hl
  26: 1433+7	711E  063D    		ld	b,61
  27: 1440+7	7120  0E27    		ld	c,39
  28: 1447+11	7122  C5      		push	bc
  29: 1458+17	7123  CD4B71  		call	LDL
  30: 1475+10	7126  21EC72  		ld	hl,S+16
  31: 1485+11	7129  E5      		push	hl
  32: 1496+7	712A  0601    		ld	b,1
  33: 1503+7	712C  0E06    		ld	c,6
  34: 1510+11	712E  C5      		push	bc
  35: 1521+17	712F  CD4B71  		call	LDL
  36: 1538+10	7132  21F472  		ld	hl,S+24
  37: 1548+11	7135  E5      		push	hl
  38: 1559+7	7136  060A    		ld	b,10
  39: 1566+7	7138  0E11    		ld	c,17
  40: 1573+11	713A  C5      		push	bc
  41: 1584+17	713B  CD4B71  		call	LDL
  42: 1601+10	713E  21FC72  		ld	hl,S+32
  43: 1611+11	7141  E5      		push	hl
  44: 1622+7	7142  0607    		ld	b,7
  45: 1629+7	7144  0E29    		ld	c,41
  46: 1636+11	7146  C5      		push	bc
  47: 1647+17	7147  CD4B71  		call	LDL
  48: 1664+10	714A  C9      		ret
  49:					;; 
  50: 1674+11	714B  E5      	LDL	push	hl		; Fill in temp vars T, T+8
  51: 1685+10	714C  110473  		ld	de,TSTORE	; #rots sored in BC pushed on stack
  52: 1695+7	714F  0600    		ld	b,0		; on top of HL
  53: 1702+7	7151  0E08    		ld	c,8
  54: 1709+16+5	7153  EDB0    		ldir
  55: 1725+10	7155  E1      		pop	hl
  56: 1735+10	7156  110C73  		ld	de,TSTORE+8
  57: 1745+7	7159  0E08    		ld	c,8
  58: 1752+16+5	715B  EDB0    		ldir
  59:					;;
  60: 1768+14	715D  FDE1    		pop	iy		; preserve return address
  61: 1782+10	715F  C1      		pop	bc
  62: 1792+10	7160  210473  		ld	hl,TSTORE
  63: 1802+11	7163  C5      	ARG1L	push	bc
  64: 1813+17	7164  CD8E71  		call	ROTR1
  65: 1830+10	7167  C1      		pop	bc
  66: 1840+8+5	7168  10F9    		djnz	ARG1L
  67: 1848+4	716A  41      		ld	b,c
  68: 1852+10	716B  210C73  		ld	hl,TSTORE+8
  69: 1862+11	716E  C5      	ARG2L	push	bc
  70: 1873+17	716F  CD8E71  		call	ROTR1
  71: 1890+10	7172  C1      		pop	bc
  72: 1900+8+5	7173  10F9    		djnz	ARG2L
  73:					;;
  74: 1908+10	7175  E1      		pop	hl		; XOR S[HL] T and T+8
  75: 1918+7	7176  0608    		ld	b,8
  76: 1925+10	7178  110C73  		ld	de,TSTORE+8
  77: 1935+14	717B  DD210473		ld	ix,TSTORE
  78: 1949+7	717F  1A      	XOR3L	ld	a,(de)
  79: 1956+19	7180  DDAE00  		xor	a,(ix)
  80: 1975+7	7183  AE      		xor	a,(hl)
  81: 1982+7	7184  77      		ld	(hl),a
  82: 1989+6	7185  23      		inc	hl
  83: 1995+10	7186  DD23    		inc	ix
  84: 2005+6	7188  13      		inc	de
  85: 2011+8+5	7189  10F4    		djnz	XOR3L
  86: 2019+15	718B  FDE5    		push	iy
  87: 2034+10	718D  C9      		ret
  88:					;; 
  89: 2044+11	718E  E5      	ROTR1	push	hl		; Rot right 1b the 8B pointed by HL
  90: 2055+15	718F  CB3E    		srl	(hl)
  91: 2070+6	7191  23      		inc	hl
  92: 2076+7	7192  0607    		ld	b,7		; Use B
  93: 2083+15	7194  CB1E    	R1LOOP	rr	(hl)
  94: 2098+6	7196  23      		inc	hl
  95: 2104+8+5	7197  10FB    		djnz	R1LOOP
  96: 2112+10	7199  E1      		pop	hl
  97: 2122+7+5	719A  3004    		jr	NC,R1OUT
  98: 2129+7	719C  3E80    		ld	a,0x80
  99: 2136+7	719E  B6      		or	a,(hl)
 100: 2143+7	719F  77      		ld	(hl),a
 101: 2150+10	71A0  C9      	R1OUT	ret			; HL restored on exit
 102:					;; 
 103: 2160+10	71A1  21DC72  	SUBSTIT	ld	hl,S
 104: 2170+10	71A4  11FC72  		ld	de,S+32
 105: 2180+17	71A7  CD1872  		call	XORSTA
 106: 2197+10	71AA  21FC72  		ld	hl,S+32
 107: 2207+10	71AD  11F472  		ld	de,S+24
 108: 2217+17	71B0  CD1872  		call	XORSTA
 109: 2234+10	71B3  21EC72  		ld	hl,S+16
 110: 2244+10	71B6  11E472  		ld	de,S+8
 111: 2254+17	71B9  CD1872  		call	XORSTA
 112: 2271+14	71BC  DD210473		ld	ix,TSTORE	; Compute T
 113: 2285+10	71C0  11DC72  		ld	de,S
 114: 2295+10	71C3  21E472  		ld	hl,S+8
 115: 2305+17	71C6  CD2272  		call	TSUBST
 116: 2322+17	71C9  CD2272  		call	TSUBST
 117: 2339+17	71CC  CD2272  		call	TSUBST
 118: 2356+17	71CF  CD2272  		call	TSUBST
 119: 2373+10	71D2  21DC72  		ld	hl,S
 120: 2383+17	71D5  CD2272  		call	TSUBST
 121:					;;
 122: 2400+10	71D8  21DC72  		ld	hl,S
 123: 2410+10	71DB  110C73  		ld	de,TSTORE+8
 124: 2420+17	71DE  CD1872  		call	XORSTA
 125: 2437+17	71E1  CD1872  		call	XORSTA
 126: 2454+17	71E4  CD1872  		call	XORSTA
 127: 2471+17	71E7  CD1872  		call	XORSTA
 128: 2488+10	71EA  110473  		ld	de,TSTORE
 129: 2498+17	71ED  CD1872  		call	XORSTA
 130:					;;
 131: 2515+10	71F0  21E472  		ld	hl,S+8
 132: 2525+10	71F3  11DC72  		ld	de,S
 133: 2535+17	71F6  CD1872  		call	XORSTA
 134: 2552+10	71F9  21DC72  		ld	hl,S
 135: 2562+10	71FC  11FC72  		ld	de,S+32
 136: 2572+17	71FF  CD1872  		call	XORSTA
 137: 2589+10	7202  21F472  		ld	hl,S+24
 138: 2599+10	7205  11EC72  		ld	de,S+16
 139: 2609+17	7208  CD1872  		call	XORSTA
 140: 2626+7	720B  0608    		ld	b,8
 141: 2633+10	720D  21EC72  		ld	hl,S+16
 142: 2643+7	7210  7E      	FFLOOP	ld	a,(hl)
 143: 2650+7	7211  EEFF    		xor	a,0xFF
 144: 2657+7	7213  77      		ld	(hl),a
 145: 2664+6	7214  23      		inc	hl
 146: 2670+8+5	7215  10F9    		djnz FFLOOP
 147: 2678+10	7217  C9      		ret
 148:					;; 
 149: 2688+7	7218  0608    	XORSTA	ld	b,8		; S[hl] ^= S[de]
 150: 2695+7	721A  1A      	XORLOOP	ld	a,(de)
 151: 2702+7	721B  AE      		xor	a,(hl)
 152: 2709+7	721C  77      		ld	(hl),a
 153: 2716+6	721D  13      		inc	de
 154: 2722+6	721E  23      		inc	hl
 155: 2728+8+5	721F  10F9    		djnz	XORLOOP
 156: 2736+10	7221  C9      		ret
 157:					;; 
 158: 2746+7	7222  0608    	TSUBST	ld	b,8		; T[i] = S[i]^FF & S[i+1%5]
 159: 2753+7	7224  1A      	TSLOOP	ld	a,(de)
 160: 2760+7	7225  EEFF    		xor	a,0xFF
 161: 2767+7	7227  A6      		and	a,(hl)
 162: 2774+19	7228  DD7700  		ld	(ix),a
 163: 2793+10	722B  DD23    		inc	ix
 164: 2803+6	722D  13      		inc	de
 165: 2809+6	722E  23      		inc	hl
 166: 2815+8+5	722F  10F3    		djnz	TSLOOP
 167: 2823+10	7231  C9      		ret
 168:					;; 
**** ascon8.asm ****
  41:				include ascon_data.asm
**** ascon_data.asm ****
   1: 2833+13	7232  3A6173  	ADATA	ld	a,(ALEN)
   2: 2846+4	7235  4F      		ld	c,a
   3: 2850+10	7236  115173  		ld	de,ASSOC
   4: 2860+10	7239  21DC72  	ABLOCK	ld	hl,S
   5: 2870+7	723C  0610    		ld	b,16		; AEAD128 RATE=16 bytes
   6: 2877+7	723E  1A      	ADATAL	ld	a,(de)
   7: 2884+7	723F  AE      		xor	a,(hl)
   8: 2891+7	7240  77      		ld	(hl),a
   9: 2898+6	7241  23      		inc	hl
  10: 2904+6	7242  13      		inc	de
  11: 2910+8+5	7243  10F9    		djnz	ADATAL
  12: 2918+11	7245  D5      		push	de
  13: 2929+11	7246  C5      		push	bc
  14: 2940+7	7247  3E08    		ld	a,8
  15: 2947+7	7249  0EB4    		ld	c,0xB4		; Round constant init for 8
  16: 2954+17	724B  CDF870  		call	PERMUT		; Perform A rounds
  17: 2971+10	724E  C1      		pop	bc
  18: 2981+4	724F  79      		ld	a,c
  19: 2985+7	7250  D610    		sub	a,16
  20: 2992+4	7252  4F      		ld	c,a
  21: 2996+10	7253  D1      		pop	de
  22: 3006+7+5	7254  20E3    		jr	NZ,ABLOCK
  23: 3013+10	7256  21FC72  		ld	hl,S+32		; S[4] ^= 1<<63
  24: 3023+7	7259  7E      		ld	a,(hl)
  25: 3030+7	725A  EE80    		xor	a,0x80
  26: 3037+7	725C  77      		ld	(hl),a
  27: 3044+10	725D  C9      		ret
  28:					;; 
**** ascon8.asm ****
  42:				include ascon_plain.asm	
**** ascon_plain.asm ****
   1: 3054+10	725E  116273  	PLTEXT	ld	de,PLAIN	; Assuming plaintext length < 16B
   2: 3064+10	7261  21DC72  		ld	hl,S
   3: 3074+7	7264  0610    		ld	b,16		; Process last (only here) block
   4: 3081+7	7266  1A      	PLTLP	ld	a,(de)
   5: 3088+7	7267  AE      		xor	a,(hl)
   6: 3095+7	7268  77      		ld	(hl),a
   7: 3102+6	7269  13      		inc	de
   8: 3108+6	726A  23      		inc	hl
   9: 3114+8+5	726B  10F9    		djnz	PLTLP
  10: 3122+13	726D  3A7273  		ld	a,(PLEN)	; Assumes PLEN < 8
  11: 3135+4	7270  47      		ld	b,a
  12: 3139+10	7271  217373  		ld	hl,CIPHER
  13: 3149+10	7274  11E372  		ld	de,S+7
  14: 3159+7	7277  1A      	CITLP	ld	a,(de)
  15: 3166+7	7278  77      		ld	(hl),a
  16: 3173+4	7279  78      		ld	a,b
  17: 3177+7	727A  D601    		sub	a,1
  18: 3184+4	727C  47      		ld	b,a
  19: 3188+6	727D  23      		inc	hl
  20: 3194+6	727E  1B      		dec	de
  21: 3200+7+5	727F  20F6    		jr	NZ,CITLP
  22: 3207+10	7281  C9      		ret
  23:					;; 
**** ascon8.asm ****
  43:				include ascon_final.asm
**** ascon_final.asm ****
   1: 3217+10	7282  21EC72  	FINALZ	ld	hl,S+16		; Finalization
   2: 3227+10	7285  113073  		ld	de,KEY		; Update S[2], S[3]
   3: 3237+7	7288  0610    		ld	b,16
   4: 3244+17	728A  CDC972  		call	FINLP
   5:					;;
   6: 3261+7	728D  3E0C    		ld	a,12		; 12-round permutation
   7: 3268+7	728F  0EF0    		ld	c,0xF0
   8: 3275+17	7291  CDF870  		call	PERMUT
   9:					;;
  10: 3292+10	7294  21F472  		ld	hl,S+24
  11: 3302+10	7297  113873  		ld	de,KEY+8
  12: 3312+7	729A  0608    		ld	b,8
  13: 3319+17	729C  CDC972  		call 	FINLP
  14: 3336+10	729F  113073  		ld	de,KEY
  15: 3346+7	72A2  0608    		ld	b,8
  16: 3353+17	72A4  CDC972  		call	FINLP
  17:					;;
  18: 3370+10	72A7  218373  		ld	hl,TAG
  19: 3380+10	72AA  11FB72  		ld	de,S+31
  20: 3390+7	72AD  0608    		ld	b,8
  21: 3397+7	72AF  1A      	TAGLP1	ld	a,(de)
  22: 3404+7	72B0  77      		ld	(hl),a
  23: 3411+6	72B1  1B      		dec	de
  24: 3417+6	72B2  23      		inc	hl
  25: 3423+4	72B3  78      		ld	a,b
  26: 3427+7	72B4  D601    		sub	a,1
  27: 3434+4	72B6  47      		ld	b,a
  28: 3438+7+5	72B7  20F6    		jr	NZ,TAGLP1
  29: 3445+10	72B9  110373  		ld	de,S+39
  30: 3455+7	72BC  0608    		ld	b,8
  31: 3462+7	72BE  1A      	TAGLP2	ld	a,(de)
  32: 3469+7	72BF  77      		ld	(hl),a
  33: 3476+6	72C0  1B      		dec	de
  34: 3482+6	72C1  23      		inc	hl
  35: 3488+4	72C2  78      		ld	a,b
  36: 3492+7	72C3  D601    		sub	a,1
  37: 3499+4	72C5  47      		ld	b,a
  38: 3503+7+5	72C6  20F6    		jr	NZ,TAGLP2
  39: 3510+10	72C8  C9      		ret
  40:					;;
  41: 3520+7	72C9  1A      	FINLP	ld	a,(de)	
  42: 3527+7	72CA  AE      		xor	a,(hl)
  43: 3534+7	72CB  77      		ld	(hl),a
  44: 3541+6	72CC  23      		inc	hl
  45: 3547+6	72CD  13      		inc	de
  46: 3553+8+5	72CE  10F9    		djnz	FINLP
  47: 3561+10	72D0  C9      		ret
**** ascon8.asm ****
  44:					;; 
  45:     -	72D1  4153434F	MSG	defb	'ASCON Z80',0x0D,0
	              4E205A38
	              300D00
  46:     -	72DC ..7303 00	S	dc	40,0x0		; 5 64-bit integers
  47:     -	7304 ..732B 00	TSTORE	dc	40,0x0		; 5 64-bit integers temp
  48:     -	732C  80      	KLEN	defb	16*8		; Key size in bits
  49:     -	732D  10      	RATE	defb	16		; In bytes
  50:     -	732E  0C      	AROUND	defb	12
  51:     -	732F  08      	BROUND	defb	8
  52:     -	7330          	KEY	defs	16		; Key 128 bits
  53:     -	7340          	NONCE	defs	16		; Nonce 128 bits
  54:     -	7350  01      	VERS	defb	1
  55:					;; Associated data, padded to a multiple of RATE bytes
  56:     -	7351  0000014E	ASSOC	defb	0,0,1,'NOCSA',0,0,0,0,0,0,0,0
	              4F435341
	              00000000
	              00000000
  57:     -	7361  10      	ALEN	defb	16
  58:					;; Plain text (8b max for now) same convention
  59:     -	7362  0000016E	PLAIN	defb	0,0,1,'nocsa',0,0,0,0,0,0,0,0	
	              6F637361
	              00000000
	              00000000
  60:     -	7372  05      	PLEN	defb	5
  61:     -	7373 ..7382 00	CIPHER	dc	16,0x0
  62:     -	7383 ..7392 00	TAG	dc	16,0x0
  63:					;;
  64:     -	7000          		end START		; Use ASCON<SPACE> to SYSTEM-load



Statistics:

     4	passes
     0	jr promotions
    56	symbols
   883	bytes



Symbol Table:

ABLOCK          7239      29241
ADATA           7232      29234
ADATAL          723E      29246
ALEN            7361      29537
ARG1L           7163      29027
ARG2L           716E      29038
AROUND          732E      29486
ASSOC           7351      29521
BROUND          732F      29487
CIPHER          7373      29555
CITLP           7277      29303
CONV8           709B      28827
FFLOOP          7210      29200
FINALZ          7282      29314
FINLP           72C9      29385
INITV           70A5      28837
KEY             7330      29488
KLEN            732C      29484
LDL             714B      29003
LINEAR          710E      28942
MSG             72D1      29393
NONCE           7340      29504
OUTCIT          7050      28752
OUTH8           708E      28814
OUTHEX          7080      28800
OUTLN           7068      28776
OUTSTA          7055      28757
OUTTAG          704B      28747
OUTW            706A      28778
PADKN           70D3      28883
PERMUT          70F8      28920
PLAIN           7362      29538
PLEN            7372      29554
PLTEXT          725E      29278
PLTLP           7266      29286
POSTINI         70E8      28904
POSTL           70F0      28912
R1LOOP          7194      29076
R1OUT           71A0      29088
RATE            732D      29485
ROTR1           718E      29070
ROUND           70F9      28921
S               72DC      29404
SHCUT           7061      28769
START           7000      28672
SUBSTIT         71A1      29089
TAG             7383      29571
TAGLP1          72AF      29359
TAGLP2          72BE      29374
TSLOOP          7224      29220
TSTORE          7304      29444
TSUBST          7222      29218
VERS            7350      29520
XOR3L           717F      29055
XORLOOP         721A      29210
XORSTA          7218      29208
